<?xml version="1.0" encoding="UTF-8"?>
<!-- Generated by org.testng.reporters.JUnitXMLReporter -->
<testsuite ignored="0" hostname="DESKTOP-JGVK91I" failures="1" tests="2" name="Test" time="39.686" errors="0" timestamp="2021-12-23T13:30:43 IST">
  <testcase classname="TestCases.Test" name="Tc_IESP_001" time="19.031"/>
  <testcase classname="TestCases.TC_LoginDDT_002" name="login" time="4.168">
    <failure type="org.testng.internal.reflect.MethodMatcherException" message="
[public void TestCases.TC_LoginDDT_002.login(java.lang.String,java.lang.String,java.lang.String)] has no parameters defined but was found to be using a data provider (either explicitly specified or inherited from class level annotation).
Data provider mismatch
Method: login([Parameter{index=0, type=java.lang.String, declaredAnnotations=[]}, Parameter{index=1, type=java.lang.String, declaredAnnotations=[]}, Parameter{index=2, type=java.lang.String, declaredAnnotations=[]}])
Arguments: [(java.lang.String) Suryacnrabc,(java.lang.String) Testabc]">
      <![CDATA[org.testng.internal.reflect.MethodMatcherException: 
[public void TestCases.TC_LoginDDT_002.login(java.lang.String,java.lang.String,java.lang.String)] has no parameters defined but was found to be using a data provider (either explicitly specified or inherited from class level annotation).
Data provider mismatch
Method: login([Parameter{index=0, type=java.lang.String, declaredAnnotations=[]}, Parameter{index=1, type=java.lang.String, declaredAnnotations=[]}, Parameter{index=2, type=java.lang.String, declaredAnnotations=[]}])
Arguments: [(java.lang.String) Suryacnrabc,(java.lang.String) Testabc]
at java.base/java.util.ArrayList.forEach(ArrayList.java:1540)
... Removed 22 stack frames]]>
    </failure>
  </testcase> <!-- login -->
</testsuite> <!-- Test -->
